2023-10-27  8:20:19 0 [Note] Starting MariaDB 11.1.2-MariaDB source revision 9bc25d98209df6810f7a7d5e7dd3ae677a313ab5 as process 10980
2023-10-27  8:20:19 0 [Note] InnoDB: Compressed tables use zlib 1.2.13
2023-10-27  8:20:19 0 [Note] InnoDB: Number of transaction pools: 1
2023-10-27  8:20:19 0 [Note] InnoDB: Using crc32 + pclmulqdq instructions
2023-10-27  8:20:19 0 [Note] InnoDB: Initializing buffer pool, total size = 3.971GiB, chunk size = 63.531MiB
2023-10-27  8:20:19 0 [Note] InnoDB: Completed initialization of buffer pool
2023-10-27  8:20:19 0 [Note] InnoDB: File system buffers for log disabled (block size=4096 bytes)
2023-10-27  8:20:19 0 [Note] InnoDB: End of log at LSN=47129
2023-10-27  8:20:19 0 [Note] InnoDB: Opened 3 undo tablespaces
2023-10-27  8:20:19 0 [Note] InnoDB: 128 rollback segments in 3 undo tablespaces are active.
2023-10-27  8:20:19 0 [Note] InnoDB: Setting file './ibtmp1' size to 12.000MiB. Physically writing the file full; Please wait ...
2023-10-27  8:20:19 0 [Note] InnoDB: File './ibtmp1' size is now 12.000MiB.
2023-10-27  8:20:19 0 [Note] InnoDB: log sequence number 47129; transaction id 14
2023-10-27  8:20:19 0 [Note] Plugin 'FEEDBACK' is disabled.
2023-10-27  8:20:19 0 [Note] InnoDB: Loading buffer pool(s) from C:\Program Files\MariaDB 11.1\data\ib_buffer_pool
2023-10-27  8:20:19 0 [Note] mysqld.exe: SSPI: using principal name 'localhost', mech 'Negotiate'
2023-10-27  8:20:19 0 [Note] InnoDB: Buffer pool(s) load completed at 231027  8:20:19
2023-10-27  8:20:19 0 [Note] Server socket created on IP: '::'.
2023-10-27  8:20:19 0 [Note] Server socket created on IP: '0.0.0.0'.
2023-10-27  8:20:19 0 [Note] mysqld.exe: Event Scheduler: Loaded 0 events
2023-10-27  8:20:19 0 [Note] C:\Program Files\MariaDB 11.1\bin\mysqld.exe: ready for connections.
Version: '11.1.2-MariaDB'  socket: ''  port: 3306  mariadb.org binary distribution
2023-10-28 10:46:25 3 [Warning] Aborted connection 3 to db: 'mysql' user: 'root' host: 'localhost' (Got an error reading communication packets)
2023-10-28 10:46:31 0 [Note] Windows service "MariaDB":  received SERVICE_CONTROL_SHUTDOWN
2023-10-28 10:46:31 0 [Note] C:\Program Files\MariaDB 11.1\bin\mysqld.exe (initiated by: unknown): Normal shutdown
2023-10-28 10:46:31 0 [Note] InnoDB: FTS optimize thread exiting.
2023-10-28 10:46:31 0 [Note] InnoDB: Starting shutdown...
2023-10-28 10:46:31 0 [Note] InnoDB: Dumping buffer pool(s) to C:\Program Files\MariaDB 11.1\data\ib_buffer_pool
2023-10-28 10:46:31 0 [Note] InnoDB: Buffer pool(s) dump completed at 231028 10:46:31
2023-10-28 10:46:32 0 [Note] InnoDB: Removed temporary tablespace data file: "./ibtmp1"
2023-10-28 10:46:32 0 [Note] InnoDB: Shutdown completed; log sequence number 51991; transaction id 27
2023-10-28 10:46:32 0 [Note] C:\Program Files\MariaDB 11.1\bin\mysqld.exe: Shutdown complete

2023-10-28 10:46:56 0 [Note] Starting MariaDB 11.1.2-MariaDB source revision 9bc25d98209df6810f7a7d5e7dd3ae677a313ab5 as process 4520
2023-10-28 10:46:56 0 [Note] InnoDB: Compressed tables use zlib 1.2.13
2023-10-28 10:46:56 0 [Note] InnoDB: Number of transaction pools: 1
2023-10-28 10:46:56 0 [Note] InnoDB: Using crc32 + pclmulqdq instructions
2023-10-28 10:46:56 0 [Note] InnoDB: Initializing buffer pool, total size = 3.971GiB, chunk size = 63.531MiB
2023-10-28 10:46:56 0 [Note] InnoDB: Completed initialization of buffer pool
2023-10-28 10:46:56 0 [Note] InnoDB: File system buffers for log disabled (block size=4096 bytes)
2023-10-28 10:46:56 0 [Note] InnoDB: End of log at LSN=51991
2023-10-28 10:46:56 0 [Note] InnoDB: Opened 3 undo tablespaces
2023-10-28 10:46:56 0 [Note] InnoDB: 128 rollback segments in 3 undo tablespaces are active.
2023-10-28 10:46:56 0 [Note] InnoDB: Setting file './ibtmp1' size to 12.000MiB. Physically writing the file full; Please wait ...
2023-10-28 10:46:56 0 [Note] InnoDB: File './ibtmp1' size is now 12.000MiB.
2023-10-28 10:46:56 0 [Note] InnoDB: log sequence number 51991; transaction id 28
2023-10-28 10:46:56 0 [Note] Plugin 'FEEDBACK' is disabled.
2023-10-28 10:46:56 0 [Note] InnoDB: Loading buffer pool(s) from C:\Program Files\MariaDB 11.1\data\ib_buffer_pool
2023-10-28 10:46:56 0 [Note] mysqld.exe: SSPI: using principal name 'localhost', mech 'Negotiate'
2023-10-28 10:46:56 0 [Note] InnoDB: Buffer pool(s) load completed at 231028 10:46:56
2023-10-28 10:46:56 0 [Note] Server socket created on IP: '::'.
2023-10-28 10:46:56 0 [Note] Server socket created on IP: '0.0.0.0'.
2023-10-28 10:46:56 0 [Note] mysqld.exe: Event Scheduler: Loaded 0 events
2023-10-28 10:46:56 0 [Note] C:\Program Files\MariaDB 11.1\bin\mysqld.exe: ready for connections.
Version: '11.1.2-MariaDB'  socket: ''  port: 3306  mariadb.org binary distribution
2023-10-28 18:26:07 4 [Warning] Access denied for user 'root'@'localhost' (using password: NO)
2023-10-28 19:04:24 10 [Warning] Aborted connection 10 to db: 'information_schema' user: 'root' host: 'localhost' (Got an error reading communication packets)
2023-10-28 19:06:28 11 [Warning] Aborted connection 11 to db: 'mysql' user: 'root' host: 'localhost' (Got an error reading communication packets)
2023-10-28 20:00:01 14 [Warning] Aborted connection 14 to db: 'mysql' user: 'root' host: 'localhost' (Got an error reading communication packets)
2023-10-28 20:24:05 20 [Warning] Aborted connection 20 to db: 'mysql' user: 'root' host: 'localhost' (Got an error reading communication packets)
2023-10-28 20:40:12 25 [Warning] Aborted connection 25 to db: 'mysql' user: 'root' host: 'localhost' (Got an error reading communication packets)
2023-10-28 20:46:59 30 [Warning] Aborted connection 30 to db: 'mysql' user: 'root' host: 'localhost' (Got an error reading communication packets)
2023-10-29 11:34:22 67 [Warning] Aborted connection 67 to db: 'mfc_test' user: 'root' host: 'localhost' (Got an error reading communication packets)
2023-10-29 17:36:45 194 [Warning] Aborted connection 194 to db: 'mfc_book_management' user: 'root' host: 'localhost' (Got an error reading communication packets)
2023-10-29 17:39:11 196 [Warning] Aborted connection 196 to db: 'mfc_record_management' user: 'root' host: 'localhost' (Got an error reading communication packets)
2023-10-29 17:41:21 198 [Warning] Aborted connection 198 to db: 'mfc_record_management' user: 'root' host: 'localhost' (Got an error reading communication packets)
2023-10-29 17:49:47 207 [Warning] Aborted connection 207 to db: 'mfc_book_management' user: 'root' host: 'localhost' (Got an error reading communication packets)
2023-10-29 17:52:51 209 [Warning] Aborted connection 209 to db: 'mfc_book_management' user: 'root' host: 'localhost' (Got an error reading communication packets)
2023-10-29 17:54:57 211 [Warning] Aborted connection 211 to db: 'mfc_book_management' user: 'root' host: 'localhost' (Got an error reading communication packets)
2023-10-29 18:08:14 215 [Warning] Aborted connection 215 to db: 'mfc_book_management' user: 'root' host: 'localhost' (Got an error reading communication packets)
2023-10-29 18:09:11 218 [Warning] Aborted connection 218 to db: 'mfc_wine_management' user: 'root' host: 'localhost' (Got an error reading communication packets)
2023-10-29 18:10:14 220 [Warning] Aborted connection 220 to db: 'mfc_book_management' user: 'root' host: 'localhost' (Got an error reading communication packets)
2023-10-29 18:12:52 231 [Warning] Aborted connection 231 to db: 'mfc_employee_management' user: 'root' host: 'localhost' (Got an error reading communication packets)
2023-10-29 18:13:19 236 [Warning] Aborted connection 236 to db: 'mfc_book_management' user: 'root' host: 'localhost' (Got an error reading communication packets)
2023-10-29 18:19:16 254 [Warning] Aborted connection 254 to db: 'mfc_wine_management' user: 'root' host: 'localhost' (Got an error reading communication packets)
2023-10-29 18:19:27 256 [Warning] Aborted connection 256 to db: 'mfc_book_management' user: 'root' host: 'localhost' (Got an error reading communication packets)
2023-10-29 18:19:39 258 [Warning] Aborted connection 258 to db: 'mfc_book_management' user: 'root' host: 'localhost' (Got an error reading communication packets)
2023-10-29 18:19:46 260 [Warning] Aborted connection 260 to db: 'mfc_book_management' user: 'root' host: 'localhost' (Got an error reading communication packets)
2023-10-29 18:20:00 262 [Warning] Aborted connection 262 to db: 'mfc_book_management' user: 'root' host: 'localhost' (Got an error reading communication packets)
2023-10-29 18:20:53 264 [Warning] Aborted connection 264 to db: 'mfc_book_management' user: 'root' host: 'localhost' (Got an error reading communication packets)
2023-10-29 18:23:39 266 [Warning] Aborted connection 266 to db: 'mfc_book_management' user: 'root' host: 'localhost' (Got an error reading communication packets)
2023-10-29 18:40:31 281 [Warning] Aborted connection 281 to db: 'mfc_wine_management' user: 'root' host: 'localhost' (Got an error reading communication packets)
2023-10-29 19:26:25 301 [Warning] Aborted connection 301 to db: 'mfc_book_management' user: 'root' host: 'localhost' (Got an error reading communication packets)
2023-10-30 16:39:28 537 [Warning] Aborted connection 537 to db: 'mfc_wine_management' user: 'root' host: 'localhost' (Got an error reading communication packets)
2023-10-30 20:28:41 580 [Warning] Aborted connection 580 to db: 'mfc_wine_management' user: 'root' host: 'localhost' (Got an error reading communication packets)
2023-10-30 20:37:08 584 [Warning] Aborted connection 584 to db: 'mfc_wine_management' user: 'root' host: 'localhost' (Got an error reading communication packets)
2023-10-30 20:38:24 586 [Warning] Aborted connection 586 to db: 'mfc_book_management' user: 'root' host: 'localhost' (Got an error reading communication packets)
2023-10-30 20:58:56 605 [Warning] Aborted connection 605 to db: 'mfc_wine_management' user: 'root' host: 'localhost' (Got an error reading communication packets)
2023-10-30 21:00:47 606 [Warning] Aborted connection 606 to db: 'mfc_wine_management' user: 'root' host: 'localhost' (Got an error reading communication packets)
2023-10-30 21:03:56 607 [Warning] Aborted connection 607 to db: 'mfc_book_management' user: 'root' host: 'localhost' (Got an error reading communication packets)
2023-10-30 21:04:56 610 [Warning] Aborted connection 610 to db: 'mfc_book_management' user: 'root' host: 'localhost' (Got an error reading communication packets)
2023-10-30 21:06:02 611 [Warning] Aborted connection 611 to db: 'mfc_book_management' user: 'root' host: 'localhost' (Got an error reading communication packets)
2023-10-30 21:07:17 613 [Warning] Aborted connection 613 to db: 'mfc_wine_management' user: 'root' host: 'localhost' (Got an error reading communication packets)
2023-10-30 21:20:26 630 [Warning] Aborted connection 630 to db: 'mfc_book_management' user: 'root' host: 'localhost' (Got an error reading communication packets)
2023-10-30 21:22:28 632 [Warning] Aborted connection 632 to db: 'mfc_wine_management' user: 'root' host: 'localhost' (Got an error reading communication packets)
2023-10-30 21:26:22 634 [Warning] Aborted connection 634 to db: 'mfc_book_management' user: 'root' host: 'localhost' (Got an error reading communication packets)
2023-10-30 21:31:10 637 [Warning] Aborted connection 637 to db: 'mfc_book_management' user: 'root' host: 'localhost' (Got an error reading communication packets)
2023-10-30 21:31:30 638 [Warning] Aborted connection 638 to db: 'mfc_wine_management' user: 'root' host: 'localhost' (Got an error reading communication packets)
2023-10-30 21:37:04 640 [Warning] Aborted connection 640 to db: 'mfc_wine_management' user: 'root' host: 'localhost' (Got an error reading communication packets)
2023-10-30 21:38:26 641 [Warning] Aborted connection 641 to db: 'mfc_book_management' user: 'root' host: 'localhost' (Got an error reading communication packets)
2023-10-31  9:29:18 651 [Warning] Aborted connection 651 to db: 'mfc_book_management' user: 'root' host: 'localhost' (Got an error reading communication packets)
2023-10-31  9:35:47 652 [Warning] Aborted connection 652 to db: 'mfc_book_management' user: 'root' host: 'localhost' (Got an error reading communication packets)
2023-10-31 18:32:31 750 [Warning] Aborted connection 750 to db: 'mfc_wine_management' user: 'root' host: 'localhost' (Got an error reading communication packets)
2023-11-01  8:07:40 811 [Warning] Aborted connection 811 to db: 'unconnected' user: 'root' host: 'localhost' (Got an error reading communication packets)
2023-11-02 17:30:23 0 [Note] Windows service "MariaDB":  received SERVICE_CONTROL_SHUTDOWN
2023-11-02 17:30:23 0 [Note] C:\Program Files\MariaDB 11.1\bin\mysqld.exe (initiated by: unknown): Normal shutdown
2023-11-02 17:30:23 0 [Note] InnoDB: FTS optimize thread exiting.
2023-11-02 17:30:23 0 [Note] InnoDB: Starting shutdown...
2023-11-02 17:30:23 0 [Note] InnoDB: Dumping buffer pool(s) to C:\Program Files\MariaDB 11.1\data\ib_buffer_pool
2023-11-02 17:30:23 0 [Note] InnoDB: Buffer pool(s) dump completed at 231102 17:30:23
2023-11-02 17:30:23 0 [Note] InnoDB: Removed temporary tablespace data file: "./ibtmp1"
2023-11-02 17:30:23 0 [Note] InnoDB: Shutdown completed; log sequence number 237707; transaction id 463
2023-11-02 17:30:23 0 [Note] C:\Program Files\MariaDB 11.1\bin\mysqld.exe: Shutdown complete

2023-11-02 17:30:46 0 [Note] Starting MariaDB 11.1.2-MariaDB source revision 9bc25d98209df6810f7a7d5e7dd3ae677a313ab5 as process 4684
2023-11-02 17:30:46 0 [Note] InnoDB: Compressed tables use zlib 1.2.13
2023-11-02 17:30:46 0 [Note] InnoDB: Number of transaction pools: 1
2023-11-02 17:30:46 0 [Note] InnoDB: Using crc32 + pclmulqdq instructions
2023-11-02 17:30:46 0 [Note] InnoDB: Initializing buffer pool, total size = 3.971GiB, chunk size = 63.531MiB
2023-11-02 17:30:46 0 [Note] InnoDB: Completed initialization of buffer pool
2023-11-02 17:30:46 0 [Note] InnoDB: File system buffers for log disabled (block size=4096 bytes)
2023-11-02 17:30:46 0 [Note] InnoDB: End of log at LSN=237707
2023-11-02 17:30:46 0 [Note] InnoDB: Opened 3 undo tablespaces
2023-11-02 17:30:46 0 [Note] InnoDB: 128 rollback segments in 3 undo tablespaces are active.
2023-11-02 17:30:46 0 [Note] InnoDB: Setting file './ibtmp1' size to 12.000MiB. Physically writing the file full; Please wait ...
2023-11-02 17:30:46 0 [Note] InnoDB: File './ibtmp1' size is now 12.000MiB.
2023-11-02 17:30:46 0 [Note] InnoDB: log sequence number 237707; transaction id 464
2023-11-02 17:30:46 0 [Note] InnoDB: Loading buffer pool(s) from C:\Program Files\MariaDB 11.1\data\ib_buffer_pool
2023-11-02 17:30:46 0 [Note] Plugin 'FEEDBACK' is disabled.
2023-11-02 17:30:46 0 [Note] mysqld.exe: SSPI: using principal name 'localhost', mech 'Negotiate'
2023-11-02 17:30:46 0 [Note] InnoDB: Buffer pool(s) load completed at 231102 17:30:46
2023-11-02 17:30:46 0 [Note] Server socket created on IP: '::'.
2023-11-02 17:30:46 0 [Note] Server socket created on IP: '0.0.0.0'.
2023-11-02 17:30:46 0 [Note] mysqld.exe: Event Scheduler: Loaded 0 events
2023-11-02 17:30:46 0 [Note] C:\Program Files\MariaDB 11.1\bin\mysqld.exe: ready for connections.
Version: '11.1.2-MariaDB'  socket: ''  port: 3306  mariadb.org binary distribution
2023-11-02 19:33:16 0 [Note] Windows service "MariaDB":  received SERVICE_CONTROL_SHUTDOWN
2023-11-02 19:33:16 0 [Note] C:\Program Files\MariaDB 11.1\bin\mysqld.exe (initiated by: unknown): Normal shutdown
2023-11-02 19:33:16 0 [Note] InnoDB: FTS optimize thread exiting.
2023-11-02 19:33:16 0 [Note] InnoDB: Starting shutdown...
2023-11-02 19:33:16 0 [Note] InnoDB: Dumping buffer pool(s) to C:\Program Files\MariaDB 11.1\data\ib_buffer_pool
2023-11-02 19:33:16 0 [Note] InnoDB: Buffer pool(s) dump completed at 231102 19:33:16
2023-11-02 19:33:16 0 [Note] InnoDB: Removed temporary tablespace data file: "./ibtmp1"
2023-11-02 19:33:16 0 [Note] InnoDB: Shutdown completed; log sequence number 237707; transaction id 465
2023-11-02 19:33:16 0 [Note] C:\Program Files\MariaDB 11.1\bin\mysqld.exe: Shutdown complete

2023-11-02 19:33:39 0 [Note] Starting MariaDB 11.1.2-MariaDB source revision 9bc25d98209df6810f7a7d5e7dd3ae677a313ab5 as process 4996
2023-11-02 19:33:39 0 [Note] InnoDB: Compressed tables use zlib 1.2.13
2023-11-02 19:33:39 0 [Note] InnoDB: Number of transaction pools: 1
2023-11-02 19:33:39 0 [Note] InnoDB: Using crc32 + pclmulqdq instructions
2023-11-02 19:33:39 0 [Note] InnoDB: Initializing buffer pool, total size = 3.971GiB, chunk size = 63.531MiB
2023-11-02 19:33:39 0 [Note] InnoDB: Completed initialization of buffer pool
2023-11-02 19:33:39 0 [Note] InnoDB: File system buffers for log disabled (block size=4096 bytes)
2023-11-02 19:33:39 0 [Note] InnoDB: End of log at LSN=237707
2023-11-02 19:33:39 0 [Note] InnoDB: Opened 3 undo tablespaces
2023-11-02 19:33:39 0 [Note] InnoDB: 128 rollback segments in 3 undo tablespaces are active.
2023-11-02 19:33:39 0 [Note] InnoDB: Setting file './ibtmp1' size to 12.000MiB. Physically writing the file full; Please wait ...
2023-11-02 19:33:39 0 [Note] InnoDB: File './ibtmp1' size is now 12.000MiB.
2023-11-02 19:33:39 0 [Note] InnoDB: log sequence number 237707; transaction id 464
2023-11-02 19:33:39 0 [Note] InnoDB: Loading buffer pool(s) from C:\Program Files\MariaDB 11.1\data\ib_buffer_pool
2023-11-02 19:33:39 0 [Note] Plugin 'FEEDBACK' is disabled.
2023-11-02 19:33:39 0 [Note] mysqld.exe: SSPI: using principal name 'localhost', mech 'Negotiate'
2023-11-02 19:33:39 0 [Note] InnoDB: Buffer pool(s) load completed at 231102 19:33:39
2023-11-02 19:33:39 0 [Note] Server socket created on IP: '::'.
2023-11-02 19:33:39 0 [Note] Server socket created on IP: '0.0.0.0'.
2023-11-02 19:33:39 0 [Note] mysqld.exe: Event Scheduler: Loaded 0 events
2023-11-02 19:33:39 0 [Note] C:\Program Files\MariaDB 11.1\bin\mysqld.exe: ready for connections.
Version: '11.1.2-MariaDB'  socket: ''  port: 3306  mariadb.org binary distribution
2023-11-04 14:48:46 0 [Note] Windows service "MariaDB":  received SERVICE_CONTROL_SHUTDOWN
2023-11-04 14:48:46 0 [Note] C:\Program Files\MariaDB 11.1\bin\mysqld.exe (initiated by: unknown): Normal shutdown
2023-11-04 14:48:46 0 [Note] InnoDB: FTS optimize thread exiting.
2023-11-04 14:48:46 0 [Note] InnoDB: Starting shutdown...
2023-11-04 14:48:46 0 [Note] InnoDB: Dumping buffer pool(s) to C:\Program Files\MariaDB 11.1\data\ib_buffer_pool
2023-11-04 14:48:46 0 [Note] InnoDB: Buffer pool(s) dump completed at 231104 14:48:46
2023-11-04 14:48:47 0 [Note] InnoDB: Removed temporary tablespace data file: "./ibtmp1"
2023-11-04 14:48:47 0 [Note] InnoDB: Shutdown completed; log sequence number 237707; transaction id 471
2023-11-04 14:48:47 0 [Note] C:\Program Files\MariaDB 11.1\bin\mysqld.exe: Shutdown complete

2023-11-04 14:49:12 0 [Note] Starting MariaDB 11.1.2-MariaDB source revision 9bc25d98209df6810f7a7d5e7dd3ae677a313ab5 as process 5264
2023-11-04 14:49:12 0 [Note] InnoDB: Compressed tables use zlib 1.2.13
2023-11-04 14:49:12 0 [Note] InnoDB: Number of transaction pools: 1
2023-11-04 14:49:12 0 [Note] InnoDB: Using crc32 + pclmulqdq instructions
2023-11-04 14:49:12 0 [Note] InnoDB: Initializing buffer pool, total size = 3.971GiB, chunk size = 63.531MiB
2023-11-04 14:49:12 0 [Note] InnoDB: Completed initialization of buffer pool
2023-11-04 14:49:12 0 [Note] InnoDB: File system buffers for log disabled (block size=4096 bytes)
2023-11-04 14:49:12 0 [Note] InnoDB: End of log at LSN=237707
2023-11-04 14:49:12 0 [Note] InnoDB: Opened 3 undo tablespaces
2023-11-04 14:49:12 0 [Note] InnoDB: 128 rollback segments in 3 undo tablespaces are active.
2023-11-04 14:49:12 0 [Note] InnoDB: Setting file './ibtmp1' size to 12.000MiB. Physically writing the file full; Please wait ...
2023-11-04 14:49:12 0 [Note] InnoDB: File './ibtmp1' size is now 12.000MiB.
2023-11-04 14:49:12 0 [Note] InnoDB: log sequence number 237707; transaction id 464
2023-11-04 14:49:12 0 [Note] InnoDB: Loading buffer pool(s) from C:\Program Files\MariaDB 11.1\data\ib_buffer_pool
2023-11-04 14:49:12 0 [Note] Plugin 'FEEDBACK' is disabled.
2023-11-04 14:49:12 0 [Note] mysqld.exe: SSPI: using principal name 'localhost', mech 'Negotiate'
2023-11-04 14:49:12 0 [Note] InnoDB: Buffer pool(s) load completed at 231104 14:49:12
2023-11-04 14:49:12 0 [Note] Server socket created on IP: '::'.
2023-11-04 14:49:12 0 [Note] Server socket created on IP: '0.0.0.0'.
2023-11-04 14:49:12 0 [Note] mysqld.exe: Event Scheduler: Loaded 0 events
2023-11-04 14:49:12 0 [Note] C:\Program Files\MariaDB 11.1\bin\mysqld.exe: ready for connections.
Version: '11.1.2-MariaDB'  socket: ''  port: 3306  mariadb.org binary distribution
2023-11-07 22:08:45 6 [Warning] Aborted connection 6 to db: 'unconnected' user: 'root' host: 'localhost' (Got an error reading communication packets)
2023-11-07 22:09:39 7 [Warning] Aborted connection 7 to db: 'unconnected' user: 'root' host: 'localhost' (Got an error reading communication packets)
2023-11-16 17:37:48 0 [Note] Starting MariaDB 11.1.2-MariaDB source revision 9bc25d98209df6810f7a7d5e7dd3ae677a313ab5 as process 5432
2023-11-16 17:37:48 0 [Note] InnoDB: Compressed tables use zlib 1.2.13
2023-11-16 17:37:48 0 [Note] InnoDB: Number of transaction pools: 1
2023-11-16 17:37:48 0 [Note] InnoDB: Using crc32 + pclmulqdq instructions
2023-11-16 17:37:48 0 [Note] InnoDB: Initializing buffer pool, total size = 3.971GiB, chunk size = 63.531MiB
2023-11-16 17:37:48 0 [Note] InnoDB: Completed initialization of buffer pool
2023-11-16 17:37:48 0 [Note] InnoDB: File system buffers for log disabled (block size=4096 bytes)
2023-11-16 17:37:48 0 [Note] InnoDB: End of log at LSN=237707
2023-11-16 17:37:48 0 [Note] InnoDB: Opened 3 undo tablespaces
2023-11-16 17:37:48 0 [Note] InnoDB: 128 rollback segments in 3 undo tablespaces are active.
2023-11-16 17:37:48 0 [Note] InnoDB: Removed temporary tablespace data file: "./ibtmp1"
2023-11-16 17:37:48 0 [Note] InnoDB: Setting file './ibtmp1' size to 12.000MiB. Physically writing the file full; Please wait ...
2023-11-16 17:37:48 0 [Note] InnoDB: File './ibtmp1' size is now 12.000MiB.
2023-11-16 17:37:48 0 [Note] InnoDB: log sequence number 237707; transaction id 464
2023-11-16 17:37:48 0 [Note] InnoDB: Loading buffer pool(s) from C:\Program Files\MariaDB 11.1\data\ib_buffer_pool
2023-11-16 17:37:48 0 [Note] Plugin 'FEEDBACK' is disabled.
2023-11-16 17:37:48 0 [Note] mysqld.exe: SSPI: using principal name 'localhost', mech 'Negotiate'
2023-11-16 17:37:48 0 [Note] InnoDB: Buffer pool(s) load completed at 231116 17:37:48
2023-11-16 17:37:48 0 [Note] Server socket created on IP: '::'.
2023-11-16 17:37:48 0 [Note] Server socket created on IP: '0.0.0.0'.
2023-11-16 17:37:48 0 [Note] mysqld.exe: Event Scheduler: Loaded 0 events
2023-11-16 17:37:48 0 [Note] C:\Program Files\MariaDB 11.1\bin\mysqld.exe: ready for connections.
Version: '11.1.2-MariaDB'  socket: ''  port: 3306  mariadb.org binary distribution
2023-11-16 17:38:38 0 [Note] Windows service "MariaDB":  received SERVICE_CONTROL_SHUTDOWN
2023-11-16 17:38:38 0 [Note] C:\Program Files\MariaDB 11.1\bin\mysqld.exe (initiated by: unknown): Normal shutdown
2023-11-16 17:38:38 0 [Note] InnoDB: FTS optimize thread exiting.
2023-11-16 17:38:38 0 [Note] InnoDB: Starting shutdown...
2023-11-16 17:38:38 0 [Note] InnoDB: Dumping buffer pool(s) to C:\Program Files\MariaDB 11.1\data\ib_buffer_pool
2023-11-16 17:38:38 0 [Note] InnoDB: Buffer pool(s) dump completed at 231116 17:38:38
2023-11-16 17:38:39 0 [Note] InnoDB: Removed temporary tablespace data file: "./ibtmp1"
2023-11-16 17:38:39 0 [Note] InnoDB: Shutdown completed; log sequence number 237707; transaction id 465
2023-11-16 17:38:39 0 [Note] C:\Program Files\MariaDB 11.1\bin\mysqld.exe: Shutdown complete

2023-11-16 17:39:02 0 [Note] Starting MariaDB 11.1.2-MariaDB source revision 9bc25d98209df6810f7a7d5e7dd3ae677a313ab5 as process 5076
2023-11-16 17:39:02 0 [Note] InnoDB: Compressed tables use zlib 1.2.13
2023-11-16 17:39:02 0 [Note] InnoDB: Number of transaction pools: 1
2023-11-16 17:39:02 0 [Note] InnoDB: Using crc32 + pclmulqdq instructions
2023-11-16 17:39:02 0 [Note] InnoDB: Initializing buffer pool, total size = 3.971GiB, chunk size = 63.531MiB
2023-11-16 17:39:02 0 [Note] InnoDB: Completed initialization of buffer pool
2023-11-16 17:39:02 0 [Note] InnoDB: File system buffers for log disabled (block size=4096 bytes)
2023-11-16 17:39:02 0 [Note] InnoDB: End of log at LSN=237707
2023-11-16 17:39:02 0 [Note] InnoDB: Opened 3 undo tablespaces
2023-11-16 17:39:02 0 [Note] InnoDB: 128 rollback segments in 3 undo tablespaces are active.
2023-11-16 17:39:02 0 [Note] InnoDB: Setting file './ibtmp1' size to 12.000MiB. Physically writing the file full; Please wait ...
2023-11-16 17:39:02 0 [Note] InnoDB: File './ibtmp1' size is now 12.000MiB.
2023-11-16 17:39:02 0 [Note] InnoDB: log sequence number 237707; transaction id 464
2023-11-16 17:39:02 0 [Note] InnoDB: Loading buffer pool(s) from C:\Program Files\MariaDB 11.1\data\ib_buffer_pool
2023-11-16 17:39:02 0 [Note] Plugin 'FEEDBACK' is disabled.
2023-11-16 17:39:02 0 [Note] mysqld.exe: SSPI: using principal name 'localhost', mech 'Negotiate'
2023-11-16 17:39:02 0 [Note] InnoDB: Buffer pool(s) load completed at 231116 17:39:02
2023-11-16 17:39:02 0 [Note] Server socket created on IP: '::'.
2023-11-16 17:39:02 0 [Note] Server socket created on IP: '0.0.0.0'.
2023-11-16 17:39:02 0 [Note] mysqld.exe: Event Scheduler: Loaded 0 events
2023-11-16 17:39:02 0 [Note] C:\Program Files\MariaDB 11.1\bin\mysqld.exe: ready for connections.
Version: '11.1.2-MariaDB'  socket: ''  port: 3306  mariadb.org binary distribution
2023-11-17  7:06:45 0 [Note] Windows service "MariaDB":  received SERVICE_CONTROL_SHUTDOWN
2023-11-17  7:06:45 0 [Note] C:\Program Files\MariaDB 11.1\bin\mysqld.exe (initiated by: unknown): Normal shutdown
2023-11-17  7:06:45 0 [Note] InnoDB: FTS optimize thread exiting.
2023-11-17  7:06:45 0 [Note] InnoDB: Starting shutdown...
2023-11-17  7:06:45 0 [Note] InnoDB: Dumping buffer pool(s) to C:\Program Files\MariaDB 11.1\data\ib_buffer_pool
2023-11-17  7:06:45 0 [Note] InnoDB: Buffer pool(s) dump completed at 231117  7:06:45
2023-11-17  7:06:45 0 [Note] InnoDB: Removed temporary tablespace data file: "./ibtmp1"
2023-11-17  7:06:45 0 [Note] InnoDB: Shutdown completed; log sequence number 237707; transaction id 465
2023-11-17  7:06:45 0 [Note] C:\Program Files\MariaDB 11.1\bin\mysqld.exe: Shutdown complete

2023-11-17  7:07:09 0 [Note] Starting MariaDB 11.1.2-MariaDB source revision 9bc25d98209df6810f7a7d5e7dd3ae677a313ab5 as process 5140
2023-11-17  7:07:09 0 [Note] InnoDB: Compressed tables use zlib 1.2.13
2023-11-17  7:07:09 0 [Note] InnoDB: Number of transaction pools: 1
2023-11-17  7:07:09 0 [Note] InnoDB: Using crc32 + pclmulqdq instructions
2023-11-17  7:07:09 0 [Note] InnoDB: Initializing buffer pool, total size = 3.971GiB, chunk size = 63.531MiB
2023-11-17  7:07:09 0 [Note] InnoDB: Completed initialization of buffer pool
2023-11-17  7:07:09 0 [Note] InnoDB: File system buffers for log disabled (block size=4096 bytes)
2023-11-17  7:07:09 0 [Note] InnoDB: End of log at LSN=237707
2023-11-17  7:07:09 0 [Note] InnoDB: Opened 3 undo tablespaces
2023-11-17  7:07:09 0 [Note] InnoDB: 128 rollback segments in 3 undo tablespaces are active.
2023-11-17  7:07:09 0 [Note] InnoDB: Setting file './ibtmp1' size to 12.000MiB. Physically writing the file full; Please wait ...
2023-11-17  7:07:09 0 [Note] InnoDB: File './ibtmp1' size is now 12.000MiB.
2023-11-17  7:07:09 0 [Note] InnoDB: log sequence number 237707; transaction id 464
2023-11-17  7:07:09 0 [Note] InnoDB: Loading buffer pool(s) from C:\Program Files\MariaDB 11.1\data\ib_buffer_pool
2023-11-17  7:07:09 0 [Note] Plugin 'FEEDBACK' is disabled.
2023-11-17  7:07:09 0 [Note] mysqld.exe: SSPI: using principal name 'localhost', mech 'Negotiate'
2023-11-17  7:07:09 0 [Note] InnoDB: Buffer pool(s) load completed at 231117  7:07:09
2023-11-17  7:07:09 0 [Note] Server socket created on IP: '::'.
2023-11-17  7:07:09 0 [Note] Server socket created on IP: '0.0.0.0'.
2023-11-17  7:07:09 0 [Note] mysqld.exe: Event Scheduler: Loaded 0 events
2023-11-17  7:07:09 0 [Note] C:\Program Files\MariaDB 11.1\bin\mysqld.exe: ready for connections.
Version: '11.1.2-MariaDB'  socket: ''  port: 3306  mariadb.org binary distribution
